TN:
SF:src/modules/appointments/services/CreateAppointmentService.ts
FN:43,__decorate
FN:43,__metadata
FN:43,__param
FN:43,__awaiter
FN:43,fulfilled
FN:43,rejected
FN:43,step
FN:43,__generator
FN:43,sent
FN:43,g.<computed>
FN:43,verb
FN:43,step
FN:43,__importDefault
FN:11,CreateAppointmentService
FN:18,CreateAppointmentService.execute
FNF:15
FNH:13
FNDA:1,__decorate
FNDA:1,__metadata
FNDA:2,__param
FNDA:4,__awaiter
FNDA:9,fulfilled
FNDA:0,rejected
FNDA:11,step
FNDA:4,__generator
FNDA:9,sent
FNDA:0,g.<computed>
FNDA:12,verb
FNDA:13,step
FNDA:1,__importDefault
FNDA:1,CreateAppointmentService
FNDA:4,CreateAppointmentService.execute
DA:1,1
DA:2,1
DA:3,1
DA:4,1
DA:5,1
DA:6,1
DA:7,1
DA:8,1
DA:9,1
DA:10,1
DA:11,1
DA:12,1
DA:13,1
DA:14,1
DA:15,1
DA:16,1
DA:17,1
DA:18,1
DA:19,4
DA:20,4
DA:21,4
DA:22,4
DA:23,4
DA:24,4
DA:25,4
DA:26,4
DA:27,4
DA:28,1
DA:29,1
DA:30,3
DA:31,4
DA:32,1
DA:33,1
DA:34,2
DA:35,2
DA:36,2
DA:37,2
DA:38,4
DA:39,4
DA:40,4
DA:41,1
DA:42,1
DA:43,1
LF:43
LH:43
BRDA:43,0,0,1
BRDA:43,1,0,1
BRDA:43,2,0,0
BRDA:43,3,0,0
BRDA:43,4,0,0
BRDA:43,5,0,0
BRDA:43,6,0,1
BRDA:43,7,0,2
BRDA:43,8,0,2
BRDA:43,9,0,4
BRDA:43,10,0,4
BRDA:43,11,0,9
BRDA:43,12,0,7
BRDA:43,13,0,2
BRDA:43,14,0,11
BRDA:43,15,0,2
BRDA:43,16,0,9
BRDA:43,17,0,9
BRDA:43,18,0,4
BRDA:43,19,0,9
BRDA:43,20,0,0
BRDA:43,21,0,12
BRDA:43,22,0,13
BRDA:43,23,0,13
BRDA:43,24,0,0
BRDA:43,25,0,26
BRDA:43,26,0,0
BRDA:43,27,0,0
BRDA:43,28,0,0
BRDA:43,29,0,0
BRDA:43,30,0,13
BRDA:43,31,0,13
BRDA:43,32,0,9
BRDA:43,33,0,0
BRDA:43,34,0,0
BRDA:43,35,0,4
BRDA:43,36,0,0
BRDA:43,37,0,2
BRDA:43,38,0,0
BRDA:43,39,0,0
BRDA:43,40,0,0
BRDA:43,41,0,0
BRDA:43,42,0,13
BRDA:43,43,0,11
BRDA:43,44,0,2
BRDA:43,45,0,13
BRDA:43,46,0,4
BRDA:43,47,0,2
BRDA:43,48,0,0
BRDA:43,49,0,1
BRDA:43,50,0,0
BRDA:10,51,0,1
BRDA:11,52,0,1
BRDA:18,53,0,4
BRDA:43,54,0,4
BRDA:43,55,0,13
BRDA:43,56,0,4
BRDA:43,57,0,4
BRDA:27,58,0,1
BRDA:29,59,0,3
BRDA:43,60,0,3
BRDA:31,61,0,1
BRDA:33,62,0,2
BRDA:43,63,0,2
BRF:64
BRH:45
end_of_record
TN:
SF:src/modules/users/services/CheckUserPasswordService.ts
FN:37,__decorate
FN:37,__metadata
FN:37,__param
FN:37,__awaiter
FN:37,fulfilled
FN:37,rejected
FN:37,step
FN:37,__generator
FN:37,sent
FN:37,g.<computed>
FN:37,verb
FN:37,step
FN:37,__importDefault
FN:14,CheckUserPasswordService
FN:22,CheckUserPasswordService.execute
FNF:15
FNH:13
FNDA:1,__decorate
FNDA:1,__metadata
FNDA:2,__param
FNDA:3,__awaiter
FNDA:5,fulfilled
FNDA:0,rejected
FNDA:6,step
FNDA:3,__generator
FNDA:5,sent
FNDA:0,g.<computed>
FNDA:9,verb
FNDA:8,step
FNDA:1,__importDefault
FNDA:3,CheckUserPasswordService
FNDA:3,CheckUserPasswordService.execute
DA:1,1
DA:2,1
DA:3,1
DA:4,1
DA:5,1
DA:6,1
DA:7,1
DA:8,1
DA:9,1
DA:10,1
DA:11,1
DA:12,1
DA:13,1
DA:14,1
DA:15,3
DA:16,3
DA:17,3
DA:18,3
DA:19,3
DA:20,3
DA:21,1
DA:22,1
DA:23,3
DA:24,3
DA:25,3
DA:26,1
DA:27,1
DA:28,2
DA:29,2
DA:30,2
DA:31,2
DA:32,3
DA:33,1
DA:34,1
DA:35,1
DA:36,3
DA:37,1
LF:37
LH:37
BRDA:37,0,0,1
BRDA:37,1,0,1
BRDA:37,2,0,0
BRDA:37,3,0,0
BRDA:37,4,0,0
BRDA:37,5,0,0
BRDA:37,6,0,1
BRDA:37,7,0,2
BRDA:37,8,0,2
BRDA:37,9,0,3
BRDA:37,10,0,3
BRDA:37,11,0,5
BRDA:37,12,0,3
BRDA:37,13,0,2
BRDA:37,14,0,6
BRDA:37,15,0,1
BRDA:37,16,0,5
BRDA:37,17,0,5
BRDA:37,18,0,3
BRDA:37,19,0,5
BRDA:37,20,0,0
BRDA:37,21,0,9
BRDA:37,22,0,8
BRDA:37,23,0,8
BRDA:37,24,0,0
BRDA:37,25,0,16
BRDA:37,26,0,0
BRDA:37,27,0,0
BRDA:37,28,0,0
BRDA:37,29,0,0
BRDA:37,30,0,8
BRDA:37,31,0,8
BRDA:37,32,0,5
BRDA:37,33,0,0
BRDA:37,34,0,0
BRDA:37,35,0,3
BRDA:37,36,0,0
BRDA:37,37,0,1
BRDA:37,38,0,0
BRDA:37,39,0,0
BRDA:37,40,0,0
BRDA:37,41,0,0
BRDA:37,42,0,8
BRDA:37,43,0,6
BRDA:37,44,0,2
BRDA:37,45,0,8
BRDA:37,46,0,3
BRDA:37,47,0,2
BRDA:37,48,0,1
BRDA:37,49,0,0
BRDA:37,50,0,1
BRDA:37,51,0,0
BRDA:13,52,0,1
BRDA:14,53,0,3
BRDA:22,54,0,3
BRDA:37,55,0,3
BRDA:37,56,0,8
BRDA:23,57,0,3
BRDA:37,58,0,3
BRDA:25,59,0,1
BRDA:27,60,0,2
BRDA:37,61,0,2
BRDA:32,62,0,1
BRF:63
BRH:44
end_of_record
TN:
SF:src/modules/users/services/CreateSessionService.ts
FN:39,__decorate
FN:39,__metadata
FN:39,__param
FN:39,__awaiter
FN:39,fulfilled
FN:39,rejected
FN:39,step
FN:39,__generator
FN:39,sent
FN:39,g.<computed>
FN:39,verb
FN:39,step
FN:39,__importDefault
FN:16,CreateSessionService
FN:21,CreateSessionService.execute
FNF:15
FNH:14
FNDA:1,__decorate
FNDA:1,__metadata
FNDA:1,__param
FNDA:3,__awaiter
FNDA:1,fulfilled
FNDA:2,rejected
FNDA:4,step
FNDA:3,__generator
FNDA:3,sent
FNDA:0,g.<computed>
FNDA:9,verb
FNDA:6,step
FNDA:4,__importDefault
FNDA:1,CreateSessionService
FNDA:3,CreateSessionService.execute
DA:1,1
DA:2,1
DA:3,1
DA:4,1
DA:5,1
DA:6,1
DA:7,1
DA:8,1
DA:9,1
DA:10,1
DA:11,1
DA:12,1
DA:13,1
DA:14,1
DA:15,1
DA:16,1
DA:17,1
DA:18,1
DA:19,1
DA:20,1
DA:21,1
DA:22,3
DA:23,3
DA:24,3
DA:25,3
DA:26,3
DA:27,3
DA:28,3
DA:29,3
DA:30,3
DA:31,3
DA:32,3
DA:33,3
DA:34,3
DA:35,3
DA:36,3
DA:37,3
DA:38,3
DA:39,1
LF:39
LH:39
BRDA:39,0,0,1
BRDA:39,1,0,1
BRDA:39,2,0,0
BRDA:39,3,0,0
BRDA:39,4,0,0
BRDA:39,5,0,0
BRDA:39,6,0,1
BRDA:39,7,0,1
BRDA:39,8,0,1
BRDA:39,9,0,3
BRDA:39,10,0,3
BRDA:39,11,0,1
BRDA:39,12,0,0
BRDA:39,13,0,2
BRDA:39,14,0,0
BRDA:39,15,0,4
BRDA:39,16,0,1
BRDA:39,17,0,3
BRDA:39,18,0,3
BRDA:39,19,0,3
BRDA:39,20,0,3
BRDA:39,21,0,2
BRDA:39,22,0,1
BRDA:39,23,0,9
BRDA:39,24,0,6
BRDA:39,25,0,6
BRDA:39,26,0,0
BRDA:39,27,0,12
BRDA:39,28,0,0
BRDA:39,29,0,0
BRDA:39,30,0,0
BRDA:39,31,0,0
BRDA:39,32,0,4
BRDA:39,33,0,6
BRDA:39,34,0,3
BRDA:39,35,0,0
BRDA:39,36,0,0
BRDA:39,37,0,3
BRDA:39,38,0,0
BRDA:39,39,0,1
BRDA:39,40,0,0
BRDA:39,41,0,0
BRDA:39,42,0,0
BRDA:39,43,0,0
BRDA:39,44,0,6
BRDA:39,45,0,4
BRDA:39,46,0,2
BRDA:39,47,0,6
BRDA:39,48,0,3
BRDA:39,49,0,2
BRDA:39,50,0,1
BRDA:39,51,0,0
BRDA:39,52,0,4
BRDA:39,53,0,3
BRDA:39,54,0,1
BRDA:15,55,0,1
BRDA:16,56,0,1
BRDA:21,57,0,3
BRDA:39,58,0,3
BRDA:39,59,0,6
BRDA:39,60,0,3
BRDA:39,61,0,3
BRF:62
BRH:43
end_of_record
TN:
SF:src/modules/users/services/CreateUserService.ts
FN:32,__decorate
FN:32,__metadata
FN:32,__param
FN:32,__awaiter
FN:32,fulfilled
FN:32,rejected
FN:32,step
FN:32,__generator
FN:32,sent
FN:32,g.<computed>
FN:32,verb
FN:32,step
FN:32,__importDefault
FN:10,CreateUserService
FN:17,CreateUserService.execute
FNF:15
FNH:13
FNDA:3,__decorate
FNDA:3,__metadata
FNDA:6,__param
FNDA:7,__awaiter
FNDA:19,fulfilled
FNDA:0,rejected
FNDA:25,step
FNDA:7,__generator
FNDA:19,sent
FNDA:0,g.<computed>
FNDA:21,verb
FNDA:26,step
FNDA:3,__importDefault
FNDA:3,CreateUserService
FNDA:7,CreateUserService.execute
DA:1,1
DA:2,1
DA:3,1
DA:4,1
DA:5,1
DA:6,1
DA:7,1
DA:8,1
DA:9,3
DA:10,3
DA:11,3
DA:12,3
DA:13,3
DA:14,3
DA:15,3
DA:16,3
DA:17,3
DA:18,7
DA:19,7
DA:20,1
DA:21,1
DA:22,6
DA:23,6
DA:24,7
DA:25,7
DA:26,7
DA:27,7
DA:28,7
DA:29,7
DA:30,7
DA:31,7
DA:32,3
LF:32
LH:32
BRDA:32,0,0,3
BRDA:32,1,0,3
BRDA:32,2,0,0
BRDA:32,3,0,0
BRDA:32,4,0,0
BRDA:32,5,0,0
BRDA:32,6,0,3
BRDA:32,7,0,6
BRDA:32,8,0,6
BRDA:32,9,0,7
BRDA:32,10,0,7
BRDA:32,11,0,19
BRDA:32,12,0,18
BRDA:32,13,0,1
BRDA:32,14,0,25
BRDA:32,15,0,6
BRDA:32,16,0,19
BRDA:32,17,0,19
BRDA:32,18,0,7
BRDA:32,19,0,19
BRDA:32,20,0,0
BRDA:32,21,0,21
BRDA:32,22,0,26
BRDA:32,23,0,26
BRDA:32,24,0,0
BRDA:32,25,0,52
BRDA:32,26,0,0
BRDA:32,27,0,0
BRDA:32,28,0,0
BRDA:32,29,0,0
BRDA:32,30,0,26
BRDA:32,31,0,26
BRDA:32,32,0,19
BRDA:32,33,0,0
BRDA:32,34,0,0
BRDA:32,35,0,7
BRDA:32,36,0,0
BRDA:32,37,0,6
BRDA:32,38,0,0
BRDA:32,39,0,0
BRDA:32,40,0,0
BRDA:32,41,0,0
BRDA:32,42,0,36
BRDA:32,43,0,26
BRDA:32,44,0,25
BRDA:32,45,0,1
BRDA:32,46,0,26
BRDA:32,47,0,7
BRDA:32,48,0,1
BRDA:32,49,0,6
BRDA:32,50,0,0
BRDA:32,51,0,3
BRDA:32,52,0,0
BRDA:9,53,0,3
BRDA:10,54,0,3
BRDA:17,55,0,7
BRDA:32,56,0,7
BRDA:32,57,0,26
BRDA:18,58,0,7
BRDA:32,59,0,7
BRDA:19,60,0,1
BRDA:21,61,0,6
BRDA:32,62,0,6
BRDA:32,63,0,6
BRF:64
BRH:45
end_of_record
TN:
SF:src/modules/users/services/UpdateAvatarService.ts
FN:39,__decorate
FN:39,__metadata
FN:39,__param
FN:39,__awaiter
FN:39,fulfilled
FN:39,rejected
FN:39,step
FN:39,__generator
FN:39,sent
FN:39,g.<computed>
FN:39,verb
FN:39,step
FN:39,__importDefault
FN:13,UpdateAvatarService
FN:21,UpdateAvatarService.execute
FNF:15
FNH:13
FNDA:1,__decorate
FNDA:1,__metadata
FNDA:2,__param
FNDA:4,__awaiter
FNDA:11,fulfilled
FNDA:0,rejected
FNDA:14,step
FNDA:4,__generator
FNDA:11,sent
FNDA:0,g.<computed>
FNDA:12,verb
FNDA:15,step
FNDA:1,__importDefault
FNDA:1,UpdateAvatarService
FNDA:4,UpdateAvatarService.execute
DA:1,1
DA:2,1
DA:3,1
DA:4,1
DA:5,1
DA:6,1
DA:7,1
DA:8,1
DA:9,1
DA:10,1
DA:11,1
DA:12,1
DA:13,1
DA:14,1
DA:15,1
DA:16,1
DA:17,1
DA:18,1
DA:19,1
DA:20,1
DA:21,1
DA:22,4
DA:23,4
DA:24,1
DA:25,1
DA:26,3
DA:27,3
DA:28,1
DA:29,1
DA:30,4
DA:31,4
DA:32,4
DA:33,4
DA:34,4
DA:35,4
DA:36,4
DA:37,4
DA:38,4
DA:39,1
LF:39
LH:39
BRDA:39,0,0,1
BRDA:39,1,0,1
BRDA:39,2,0,0
BRDA:39,3,0,0
BRDA:39,4,0,0
BRDA:39,5,0,0
BRDA:39,6,0,1
BRDA:39,7,0,2
BRDA:39,8,0,2
BRDA:39,9,0,4
BRDA:39,10,0,4
BRDA:39,11,0,11
BRDA:39,12,0,10
BRDA:39,13,0,1
BRDA:39,14,0,14
BRDA:39,15,0,3
BRDA:39,16,0,11
BRDA:39,17,0,11
BRDA:39,18,0,4
BRDA:39,19,0,11
BRDA:39,20,0,0
BRDA:39,21,0,12
BRDA:39,22,0,15
BRDA:39,23,0,15
BRDA:39,24,0,0
BRDA:39,25,0,32
BRDA:39,26,0,0
BRDA:39,27,0,0
BRDA:39,28,0,0
BRDA:39,29,0,0
BRDA:39,30,0,15
BRDA:39,31,0,15
BRDA:39,32,0,11
BRDA:39,33,0,0
BRDA:39,34,0,0
BRDA:39,35,0,6
BRDA:39,36,0,0
BRDA:39,37,0,5
BRDA:39,38,0,4
BRDA:39,39,0,2
BRDA:39,40,0,0
BRDA:39,41,0,2
BRDA:39,42,0,0
BRDA:39,43,0,0
BRDA:39,44,0,0
BRDA:39,45,0,17
BRDA:39,46,0,16
BRDA:39,47,0,1
BRDA:39,48,0,17
BRDA:39,49,0,4
BRDA:39,50,0,1
BRDA:39,51,0,3
BRDA:39,52,0,0
BRDA:39,53,0,1
BRDA:39,54,0,0
BRDA:12,55,0,1
BRDA:13,56,0,1
BRDA:21,57,0,4
BRDA:39,58,0,4
BRDA:39,59,0,17
BRDA:22,60,0,4
BRDA:39,61,0,4
BRDA:23,62,0,1
BRDA:25,63,0,3
BRDA:27,64,0,2
BRDA:27,65,0,1
BRDA:39,66,0,1
BRDA:32,67,0,3
BRDA:39,68,0,3
BRDA:39,69,0,3
BRF:70
BRH:51
end_of_record
